  setPos.c
  setColor.c
  Search.c
c:\users\liugu\desktop\学习!\git\hims beta\search.c : warning C4819: 该文件包含不能在当前代码页(936)中表示的字符。请将该文件保存为 Unicode 格式以防止数据丢失
c:\users\liugu\desktop\学习!\git\hims beta\search.c(322): error C2143: 语法错误: 缺少“)”(在“字符串”的前面)
c:\users\liugu\desktop\学习!\git\hims beta\search.c(322): error C2143: 语法错误: 缺少“{”(在“字符串”的前面)
c:\users\liugu\desktop\学习!\git\hims beta\search.c(322): error C2059: 语法错误:“字符串”
c:\users\liugu\desktop\学习!\git\hims beta\search.c(322): error C2059: 语法错误:“)”
c:\users\liugu\desktop\学习!\git\hims beta\search.c(324): error C2059: 语法错误:“常数”
c:\users\liugu\desktop\学习!\git\hims beta\search.c(325): error C2143: 语法错误: 缺少“)”(在“常数”的前面)
c:\users\liugu\desktop\学习!\git\hims beta\search.c(325): error C2143: 语法错误: 缺少“{”(在“常数”的前面)
c:\users\liugu\desktop\学习!\git\hims beta\search.c(325): error C2059: 语法错误:“常数”
c:\users\liugu\desktop\学习!\git\hims beta\search.c(325): error C2059: 语法错误:“)”
c:\users\liugu\desktop\学习!\git\hims beta\search.c(326): error C2143: 语法错误: 缺少“)”(在“字符串”的前面)
c:\users\liugu\desktop\学习!\git\hims beta\search.c(326): error C2143: 语法错误: 缺少“{”(在“字符串”的前面)
c:\users\liugu\desktop\学习!\git\hims beta\search.c(326): error C2059: 语法错误:“字符串”
c:\users\liugu\desktop\学习!\git\hims beta\search.c(326): error C2059: 语法错误:“)”
c:\users\liugu\desktop\学习!\git\hims beta\search.c(327): error C2143: 语法错误: 缺少“)”(在“常数”的前面)
c:\users\liugu\desktop\学习!\git\hims beta\search.c(327): error C2143: 语法错误: 缺少“{”(在“常数”的前面)
c:\users\liugu\desktop\学习!\git\hims beta\search.c(327): error C2059: 语法错误:“常数”
c:\users\liugu\desktop\学习!\git\hims beta\search.c(327): error C2059: 语法错误:“)”
c:\users\liugu\desktop\学习!\git\hims beta\search.c(328): error C2143: 语法错误: 缺少“)”(在“常数”的前面)
c:\users\liugu\desktop\学习!\git\hims beta\search.c(328): error C2143: 语法错误: 缺少“{”(在“常数”的前面)
c:\users\liugu\desktop\学习!\git\hims beta\search.c(328): error C2059: 语法错误:“常数”
c:\users\liugu\desktop\学习!\git\hims beta\search.c(328): error C2059: 语法错误:“)”
c:\users\liugu\desktop\学习!\git\hims beta\search.c(329): error C2143: 语法错误: 缺少“)”(在“字符串”的前面)
c:\users\liugu\desktop\学习!\git\hims beta\search.c(329): error C2143: 语法错误: 缺少“{”(在“字符串”的前面)
c:\users\liugu\desktop\学习!\git\hims beta\search.c(329): error C2059: 语法错误:“字符串”
c:\users\liugu\desktop\学习!\git\hims beta\search.c(329): error C2059: 语法错误:“)”
c:\users\liugu\desktop\学习!\git\hims beta\search.c(330): error C2059: 语法错误:“if”
c:\users\liugu\desktop\学习!\git\hims beta\search.c(332): error C2059: 语法错误:“else”
c:\users\liugu\desktop\学习!\git\hims beta\search.c(385): fatal error C1071: 在注释中遇到意外的文件结束
  menu.c
c:\users\liugu\desktop\学习!\git\hims beta\menu.c : warning C4819: 该文件包含不能在当前代码页(936)中表示的字符。请将该文件保存为 Unicode 格式以防止数据丢失
  main.c
c:\users\liugu\desktop\学习!\git\hims beta\main.c : warning C4819: 该文件包含不能在当前代码页(936)中表示的字符。请将该文件保存为 Unicode 格式以防止数据丢失
c:\users\liugu\desktop\学习!\git\hims beta\main.c(30): warning C4474: printf: 格式字符串中传递的参数太多
  c:\users\liugu\desktop\学习!\git\hims beta\main.c(30): note: 占位符和其参数预计 1 可变参数，但提供的却是 4 参数
c:\users\liugu\desktop\学习!\git\hims beta\main.c(31): warning C4474: printf: 格式字符串中传递的参数太多
  c:\users\liugu\desktop\学习!\git\hims beta\main.c(31): note: 占位符和其参数预计 1 可变参数，但提供的却是 4 参数
  Free.c
  Checkin.c
c:\users\liugu\desktop\学习!\git\hims beta\checkin.c : warning C4819: 该文件包含不能在当前代码页(936)中表示的字符。请将该文件保存为 Unicode 格式以防止数据丢失
c:\users\liugu\desktop\学习!\git\hims beta\checkin.c(84): error C2001: 常量中有换行符
c:\users\liugu\desktop\学习!\git\hims beta\checkin.c(85): error C2143: 语法错误: 缺少“)”(在“if”的前面)
c:\users\liugu\desktop\学习!\git\hims beta\checkin.c(86): error C2001: 常量中有换行符
c:\users\liugu\desktop\学习!\git\hims beta\checkin.c(88): error C2001: 常量中有换行符
c:\users\liugu\desktop\学习!\git\hims beta\checkin.c(90): error C2001: 常量中有换行符
c:\users\liugu\desktop\学习!\git\hims beta\checkin.c(96): error C2143: 语法错误: 缺少“;”(在“{”的前面)
c:\users\liugu\desktop\学习!\git\hims beta\checkin.c(98): error C2065: “x”: 未声明的标识符
c:\users\liugu\desktop\学习!\git\hims beta\checkin.c(98): error C2100: 非法的间接寻址
c:\users\liugu\desktop\学习!\git\hims beta\checkin.c(104): error C2001: 常量中有换行符
c:\users\liugu\desktop\学习!\git\hims beta\checkin.c(105): error C2146: 语法错误: 缺少“)”(在标识符“DLT_price”的前面)
c:\users\liugu\desktop\学习!\git\hims beta\checkin.c(106): error C2001: 常量中有换行符
c:\users\liugu\desktop\学习!\git\hims beta\checkin.c(107): error C2146: 语法错误: 缺少“)”(在标识符“dlt”的前面)
c:\users\liugu\desktop\学习!\git\hims beta\checkin.c(108): error C2065: “x”: 未声明的标识符
c:\users\liugu\desktop\学习!\git\hims beta\checkin.c(108): error C2100: 非法的间接寻址
c:\users\liugu\desktop\学习!\git\hims beta\checkin.c(112): error C2065: “x”: 未声明的标识符
c:\users\liugu\desktop\学习!\git\hims beta\checkin.c(112): error C2100: 非法的间接寻址
c:\users\liugu\desktop\学习!\git\hims beta\checkin.c(122): error C2065: “hh”: 未声明的标识符
c:\users\liugu\desktop\学习!\git\hims beta\checkin.c(124): error C2065: “x”: 未声明的标识符
c:\users\liugu\desktop\学习!\git\hims beta\checkin.c(124): error C2100: 非法的间接寻址
c:\users\liugu\desktop\学习!\git\hims beta\checkin.c(126): error C2001: 常量中有换行符
c:\users\liugu\desktop\学习!\git\hims beta\checkin.c(127): error C2146: 语法错误: 缺少“)”(在标识符“setColor”的前面)
c:\users\liugu\desktop\学习!\git\hims beta\checkin.c(128): error C2065: “x”: 未声明的标识符
c:\users\liugu\desktop\学习!\git\hims beta\checkin.c(128): error C2100: 非法的间接寻址
c:\users\liugu\desktop\学习!\git\hims beta\checkin.c(131): error C2143: 语法错误: 缺少“;”(在“{”的前面)
c:\users\liugu\desktop\学习!\git\hims beta\checkin.c(145): error C2001: 常量中有换行符
c:\users\liugu\desktop\学习!\git\hims beta\checkin.c(146): error C2146: 语法错误: 缺少“)”(在标识符“setPos”的前面)
c:\users\liugu\desktop\学习!\git\hims beta\checkin.c(147): error C2001: 常量中有换行符
c:\users\liugu\desktop\学习!\git\hims beta\checkin.c(148): error C2146: 语法错误: 缺少“)”(在标识符“setPos”的前面)
c:\users\liugu\desktop\学习!\git\hims beta\checkin.c(156): error C2001: 常量中有换行符
c:\users\liugu\desktop\学习!\git\hims beta\checkin.c(157): error C2143: 语法错误: 缺少“)”(在“if”的前面)
c:\users\liugu\desktop\学习!\git\hims beta\checkin.c(158): error C2001: 常量中有换行符
c:\users\liugu\desktop\学习!\git\hims beta\checkin.c(160): error C2001: 常量中有换行符
c:\users\liugu\desktop\学习!\git\hims beta\checkin.c(162): error C2001: 常量中有换行符
c:\users\liugu\desktop\学习!\git\hims beta\checkin.c(171): error C2143: 语法错误: 缺少“;”(在“{”的前面)
c:\users\liugu\desktop\学习!\git\hims beta\checkin.c(188): error C2065: “p”: 未声明的标识符
c:\users\liugu\desktop\学习!\git\hims beta\checkin.c(188): error C2223: “->yyyy”的左侧必须指向结构/联合
c:\users\liugu\desktop\学习!\git\hims beta\checkin.c(190): error C2065: “p”: 未声明的标识符
c:\users\liugu\desktop\学习!\git\hims beta\checkin.c(190): error C2223: “->yyyyo”的左侧必须指向结构/联合
c:\users\liugu\desktop\学习!\git\hims beta\checkin.c(205): error C2065: “p”: 未声明的标识符
c:\users\liugu\desktop\学习!\git\hims beta\checkin.c(205): error C2223: “->mm”的左侧必须指向结构/联合
c:\users\liugu\desktop\学习!\git\hims beta\checkin.c(207): error C2065: “p”: 未声明的标识符
c:\users\liugu\desktop\学习!\git\hims beta\checkin.c(207): error C2223: “->mmo”的左侧必须指向结构/联合
c:\users\liugu\desktop\学习!\git\hims beta\checkin.c(222): error C2065: “p”: 未声明的标识符
c:\users\liugu\desktop\学习!\git\hims beta\checkin.c(222): error C2223: “->dd”的左侧必须指向结构/联合
c:\users\liugu\desktop\学习!\git\hims beta\checkin.c(224): error C2065: “p”: 未声明的标识符
c:\users\liugu\desktop\学习!\git\hims beta\checkin.c(224): error C2223: “->ddo”的左侧必须指向结构/联合
c:\users\liugu\desktop\学习!\git\hims beta\checkin.c(239): error C2065: “p”: 未声明的标识符
c:\users\liugu\desktop\学习!\git\hims beta\checkin.c(239): error C2223: “->hh”的左侧必须指向结构/联合
c:\users\liugu\desktop\学习!\git\hims beta\checkin.c(241): error C2065: “p”: 未声明的标识符
c:\users\liugu\desktop\学习!\git\hims beta\checkin.c(241): error C2223: “->hho”的左侧必须指向结构/联合
c:\users\liugu\desktop\学习!\git\hims beta\checkin.c(257): error C2065: “p”: 未声明的标识符
c:\users\liugu\desktop\学习!\git\hims beta\checkin.c(257): error C2223: “->yyyy”的左侧必须指向结构/联合
c:\users\liugu\desktop\学习!\git\hims beta\checkin.c(259): error C2065: “p”: 未声明的标识符
c:\users\liugu\desktop\学习!\git\hims beta\checkin.c(259): error C2223: “->yyyyo”的左侧必须指向结构/联合
c:\users\liugu\desktop\学习!\git\hims beta\checkin.c(269): error C2065: “p”: 未声明的标识符
c:\users\liugu\desktop\学习!\git\hims beta\checkin.c(269): error C2223: “->mm”的左侧必须指向结构/联合
c:\users\liugu\desktop\学习!\git\hims beta\checkin.c(271): error C2065: “p”: 未声明的标识符
c:\users\liugu\desktop\学习!\git\hims beta\checkin.c(271): error C2223: “->mmo”的左侧必须指向结构/联合
c:\users\liugu\desktop\学习!\git\hims beta\checkin.c(281): error C2065: “p”: 未声明的标识符
c:\users\liugu\desktop\学习!\git\hims beta\checkin.c(281): error C2223: “->dd”的左侧必须指向结构/联合
c:\users\liugu\desktop\学习!\git\hims beta\checkin.c(283): error C2065: “p”: 未声明的标识符
c:\users\liugu\desktop\学习!\git\hims beta\checkin.c(283): error C2223: “->ddo”的左侧必须指向结构/联合
c:\users\liugu\desktop\学习!\git\hims beta\checkin.c(294): error C2065: “p”: 未声明的标识符
c:\users\liugu\desktop\学习!\git\hims beta\checkin.c(294): error C2223: “->hh”的左侧必须指向结构/联合
c:\users\liugu\desktop\学习!\git\hims beta\checkin.c(296): error C2065: “p”: 未声明的标识符
c:\users\liugu\desktop\学习!\git\hims beta\checkin.c(296): error C2223: “->hho”的左侧必须指向结构/联合
c:\users\liugu\desktop\学习!\git\hims beta\checkin.c(305): error C2143: 语法错误: 缺少“;”(在“{”的前面)
c:\users\liugu\desktop\学习!\git\hims beta\checkin.c(311): error C2065: “p”: 未声明的标识符
c:\users\liugu\desktop\学习!\git\hims beta\checkin.c(311): warning C4047: “函数”:“Sroom *”与“int”的间接级别不同
c:\users\liugu\desktop\学习!\git\hims beta\checkin.c(311): warning C4024: “ShowRoom”: 形参和实参 1 的类型不同
c:\users\liugu\desktop\学习!\git\hims beta\checkin.c(345): error C2001: 常量中有换行符
c:\users\liugu\desktop\学习!\git\hims beta\checkin.c(346): error C2146: 语法错误: 缺少“)”(在标识符“setColor”的前面)
c:\users\liugu\desktop\学习!\git\hims beta\checkin.c(363): error C2001: 常量中有换行符
c:\users\liugu\desktop\学习!\git\hims beta\checkin.c(364): error C2146: 语法错误: 缺少“)”(在标识符“setPos”的前面)
c:\users\liugu\desktop\学习!\git\hims beta\checkin.c(384): error C2065: “p”: 未声明的标识符
c:\users\liugu\desktop\学习!\git\hims beta\checkin.c(384): error C2223: “->username”的左侧必须指向结构/联合
c:\users\liugu\desktop\学习!\git\hims beta\checkin.c(401): error C2001: 常量中有换行符
c:\users\liugu\desktop\学习!\git\hims beta\checkin.c(402): error C2146: 语法错误: 缺少“)”(在标识符“setColor”的前面)
c:\users\liugu\desktop\学习!\git\hims beta\checkin.c(404): error C2001: 常量中有换行符
c:\users\liugu\desktop\学习!\git\hims beta\checkin.c(405): error C2146: 语法错误: 缺少“)”(在标识符“setPos”的前面)
c:\users\liugu\desktop\学习!\git\hims beta\checkin.c(412): error C2065: “p”: 未声明的标识符
c:\users\liugu\desktop\学习!\git\hims beta\checkin.c(412): error C2223: “->Charge_mode”的左侧必须指向结构/联合
c:\users\liugu\desktop\学习!\git\hims beta\checkin.c(417): error C2065: “p”: 未声明的标识符
c:\users\liugu\desktop\学习!\git\hims beta\checkin.c(417): error C2223: “->Price_day”的左侧必须指向结构/联合
c:\users\liugu\desktop\学习!\git\hims beta\checkin.c(420): error C2001: 常量中有换行符
c:\users\liugu\desktop\学习!\git\hims beta\checkin.c(421): error C2146: 语法错误: 缺少“)”(在标识符“p”的前面)
c:\users\liugu\desktop\学习!\git\hims beta\checkin.c(454): error C2065: “p”: 未声明的标识符
c:\users\liugu\desktop\学习!\git\hims beta\checkin.c(454): warning C4047: “函数”:“Sroom *”与“int”的间接级别不同
c:\users\liugu\desktop\学习!\git\hims beta\checkin.c(454): warning C4024: “GetDate”: 形参和实参 1 的类型不同
c:\users\liugu\desktop\学习!\git\hims beta\checkin.c(455): error C2065: “p”: 未声明的标识符
c:\users\liugu\desktop\学习!\git\hims beta\checkin.c(455): error C2223: “->yyyy”的左侧必须指向结构/联合
c:\users\liugu\desktop\学习!\git\hims beta\checkin.c(455): error C2223: “->mm”的左侧必须指向结构/联合
c:\users\liugu\desktop\学习!\git\hims beta\checkin.c(455): error C2223: “->dd”的左侧必须指向结构/联合
c:\users\liugu\desktop\学习!\git\hims beta\checkin.c(455): error C2223: “->hh”的左侧必须指向结构/联合
c:\users\liugu\desktop\学习!\git\hims beta\checkin.c(455): warning C4047: “函数”:“int”与“int [13]”的间接级别不同
c:\users\liugu\desktop\学习!\git\hims beta\checkin.c(455): warning C4024: “Checkdate”: 形参和实参 1 的类型不同
c:\users\liugu\desktop\学习!\git\hims beta\checkin.c(455): warning C4024: “Checkdate”: 形参和实参 2 的类型不同
c:\users\liugu\desktop\学习!\git\hims beta\checkin.c(455): error C2198: “Checkdate”: 用于调用的参数太少
c:\users\liugu\desktop\学习!\git\hims beta\checkin.c(459): error C2065: “p”: 未声明的标识符
c:\users\liugu\desktop\学习!\git\hims beta\checkin.c(459): error C2223: “->yyyy”的左侧必须指向结构/联合
c:\users\liugu\desktop\学习!\git\hims beta\checkin.c(459): error C2223: “->mm”的左侧必须指向结构/联合
c:\users\liugu\desktop\学习!\git\hims beta\checkin.c(459): error C2223: “->dd”的左侧必须指向结构/联合
c:\users\liugu\desktop\学习!\git\hims beta\checkin.c(459): error C2223: “->hh”的左侧必须指向结构/联合
c:\users\liugu\desktop\学习!\git\hims beta\checkin.c(463): error C2065: “p”: 未声明的标识符
c:\users\liugu\desktop\学习!\git\hims beta\checkin.c(463): error C2223: “->next”的左侧必须指向结构/联合
c:\users\liugu\desktop\学习!\git\hims beta\checkin.c(507): error C2065: “p”: 未声明的标识符
c:\users\liugu\desktop\学习!\git\hims beta\checkin.c(507): warning C4047: “函数”:“Sroom *”与“int”的间接级别不同
c:\users\liugu\desktop\学习!\git\hims beta\checkin.c(507): warning C4024: “GetDate”: 形参和实参 1 的类型不同
c:\users\liugu\desktop\学习!\git\hims beta\checkin.c(508): error C2065: “p”: 未声明的标识符
c:\users\liugu\desktop\学习!\git\hims beta\checkin.c(508): error C2223: “->yyyy”的左侧必须指向结构/联合
c:\users\liugu\desktop\学习!\git\hims beta\checkin.c(508): fatal error C1003: 错误计数超过 100；正在停止编译
  正在生成代码...
